{
  "RSpec": {
    "coverage": {
      "/home/rails/ROR Training/clone_project/final-music-api1/spec/support/factory_bot.rb": {
        "lines": [
          1,
          1,
          null
        ]
      },
      "/home/rails/ROR Training/clone_project/final-music-api1/app/concerns/json_web_token.rb": {
        "lines": [
          1,
          null,
          1,
          1,
          1,
          null,
          1,
          10,
          10,
          null,
          null,
          1,
          3,
          3,
          null,
          null
        ]
      },
      "/home/rails/ROR Training/clone_project/final-music-api1/app/controllers/users_controller.rb": {
        "lines": [
          1,
          1,
          null,
          1,
          null,
          3,
          3,
          1,
          null,
          1,
          0,
          null,
          1,
          null,
          null,
          2,
          null,
          null,
          null,
          null,
          null,
          null,
          1,
          3,
          2,
          2,
          1,
          1,
          null,
          1,
          null,
          null,
          1,
          null,
          null,
          null,
          1,
          1,
          1,
          1,
          1,
          null,
          null,
          1,
          1,
          0,
          0,
          null,
          null,
          null,
          1,
          0,
          0,
          0,
          0,
          0,
          null,
          0,
          null,
          null,
          0,
          null,
          null,
          0,
          null,
          null,
          null,
          null,
          1,
          2,
          2,
          0,
          null,
          2,
          null,
          null,
          null,
          null,
          1,
          0,
          0,
          0,
          null,
          0,
          null,
          null,
          null,
          1,
          1,
          3,
          null,
          null
        ]
      },
      "/home/rails/ROR Training/clone_project/final-music-api1/app/controllers/api_controller.rb": {
        "lines": [
          1,
          1,
          null,
          1,
          1,
          9,
          null,
          null,
          1,
          1,
          null,
          null,
          3,
          3,
          3,
          3,
          null,
          0,
          null,
          null,
          null,
          1,
          4,
          null,
          1,
          0,
          0,
          null,
          null,
          null,
          1,
          0,
          0,
          null,
          null,
          null
        ]
      },
      "/home/rails/ROR Training/clone_project/final-music-api1/app/models/artist.rb": {
        "lines": [
          1,
          1,
          1,
          1,
          null
        ]
      },
      "/home/rails/ROR Training/clone_project/final-music-api1/app/serializers/user_serializer.rb": {
        "lines": [
          1,
          1,
          null
        ]
      }
    },
    "timestamp": 1690207930
  }
}
